<?xml version="1.0" encoding="UTF-8"?>
<testng-results total="1" passed="1" failed="0" skipped="0">
  <reporter-output>
  </reporter-output>
  <suite started-at="2019-08-29T16:31:12Z" name="Suite" finished-at="2019-08-29T16:31:23Z" duration-ms="11591">
    <groups>
    </groups>
    <test started-at="2019-08-29T16:31:12Z" name="Test" finished-at="2019-08-29T16:31:23Z" duration-ms="11591">
      <class name="testng.LoginTest">
        <test-method is-config="true" signature="initialize()[pri:0, instance:testng.LoginTest@7920ba90]" started-at="2019-08-29T11:31:12Z" name="initialize" finished-at="2019-08-29T11:31:21Z" duration-ms="9781" status="PASS">
          <reporter-output>
          </reporter-output>
        </test-method> <!-- initialize -->
        <test-method signature="init()[pri:0, instance:testng.LoginTest@7920ba90]" started-at="2019-08-29T11:31:21Z" name="init" finished-at="2019-08-29T11:31:22Z" duration-ms="996" status="PASS">
          <reporter-output>
          </reporter-output>
        </test-method> <!-- init -->
        <test-method is-config="true" signature="TeardownTest()[pri:0, instance:testng.LoginTest@7920ba90]" started-at="2019-08-29T11:31:22Z" name="TeardownTest" finished-at="2019-08-29T11:31:23Z" duration-ms="807" status="PASS">
          <reporter-output>
          </reporter-output>
        </test-method> <!-- TeardownTest -->
      </class> <!-- testng.LoginTest -->
    </test> <!-- Test -->
  </suite> <!-- Suite -->
</testng-results>
